C:\USERS\SHUJIA\DESKTOP\MINISCOPE_DAQ_SOFTWARE-MASTER\MINISCOPE_DAQ_SOFTWARE-MASTER\X64\RELEASE\MINISCOPECONTROL.PCH
C:\USERS\SHUJIA\DESKTOP\MINISCOPE_DAQ_SOFTWARE-MASTER\MINISCOPE_DAQ_SOFTWARE-MASTER\X64\RELEASE\STDAFX.OBJ
C:\USERS\SHUJIA\DESKTOP\MINISCOPE_DAQ_SOFTWARE-MASTER\MINISCOPE_DAQ_SOFTWARE-MASTER\X64\RELEASE\VC110.PDB
C:\USERS\SHUJIA\DESKTOP\MINISCOPE_DAQ_SOFTWARE-MASTER\MINISCOPE_DAQ_SOFTWARE-MASTER\X64\RELEASE\MINISCOPECONTROLDLG.OBJ
C:\USERS\SHUJIA\DESKTOP\MINISCOPE_DAQ_SOFTWARE-MASTER\MINISCOPE_DAQ_SOFTWARE-MASTER\X64\RELEASE\MINISCOPECONTROL.OBJ
C:\USERS\SHUJIA\DESKTOP\MINISCOPE_DAQ_SOFTWARE-MASTER\MINISCOPE_DAQ_SOFTWARE-MASTER\X64\RELEASE\MINISCOPECONTROL.EXE
C:\USERS\SHUJIA\DESKTOP\MINISCOPE_DAQ_SOFTWARE-MASTER\MINISCOPE_DAQ_SOFTWARE-MASTER\X64\RELEASE\MINISCOPECONTROL.PDB
C:\USERS\SHUJIA\DESKTOP\MINISCOPE_DAQ_SOFTWARE-MASTER\MINISCOPE_DAQ_SOFTWARE-MASTER\X64\RELEASE\MINISCOPECONTROL.RES
C:\Users\shujia\Desktop\Miniscope_DAQ_Software-master\Miniscope_DAQ_Software-master\x64\Release\MiniScopeControl.obj
C:\Users\shujia\Desktop\Miniscope_DAQ_Software-master\Miniscope_DAQ_Software-master\x64\Release\MiniScopeControlDlg.obj
C:\Users\shujia\Desktop\Miniscope_DAQ_Software-master\Miniscope_DAQ_Software-master\x64\Release\stdafx.obj
C:\Users\shujia\Desktop\Miniscope_DAQ_Software-master\Miniscope_DAQ_Software-master\x64\Release\cl.command.1.tlog
C:\Users\shujia\Desktop\Miniscope_DAQ_Software-master\Miniscope_DAQ_Software-master\x64\Release\CL.read.1.tlog
C:\Users\shujia\Desktop\Miniscope_DAQ_Software-master\Miniscope_DAQ_Software-master\x64\Release\CL.write.1.tlog
C:\Users\shujia\Desktop\Miniscope_DAQ_Software-master\Miniscope_DAQ_Software-master\x64\Release\link-cvtres.read.1.tlog
C:\Users\shujia\Desktop\Miniscope_DAQ_Software-master\Miniscope_DAQ_Software-master\x64\Release\link-cvtres.write.1.tlog
C:\Users\shujia\Desktop\Miniscope_DAQ_Software-master\Miniscope_DAQ_Software-master\x64\Release\link-mt.read.1.tlog
C:\Users\shujia\Desktop\Miniscope_DAQ_Software-master\Miniscope_DAQ_Software-master\x64\Release\link-mt.write.1.tlog
C:\Users\shujia\Desktop\Miniscope_DAQ_Software-master\Miniscope_DAQ_Software-master\x64\Release\link-rc.read.1.tlog
C:\Users\shujia\Desktop\Miniscope_DAQ_Software-master\Miniscope_DAQ_Software-master\x64\Release\link-rc.write.1.tlog
C:\Users\shujia\Desktop\Miniscope_DAQ_Software-master\Miniscope_DAQ_Software-master\x64\Release\link.command.1.tlog
C:\Users\shujia\Desktop\Miniscope_DAQ_Software-master\Miniscope_DAQ_Software-master\x64\Release\link.read.1.tlog
C:\Users\shujia\Desktop\Miniscope_DAQ_Software-master\Miniscope_DAQ_Software-master\x64\Release\link.write.1.tlog
C:\Users\shujia\Desktop\Miniscope_DAQ_Software-master\Miniscope_DAQ_Software-master\x64\Release\rc.command.1.tlog
C:\Users\shujia\Desktop\Miniscope_DAQ_Software-master\Miniscope_DAQ_Software-master\x64\Release\rc.read.1.tlog
C:\Users\shujia\Desktop\Miniscope_DAQ_Software-master\Miniscope_DAQ_Software-master\x64\Release\rc.write.1.tlog
C:\Users\shujia\Desktop\Miniscope_DAQ_Software-master\Miniscope_DAQ_Software-master\x64\Release\MiniScopeControl.res
C:\Users\shujia\Desktop\Miniscope_DAQ_Software-master\Miniscope_DAQ_Software-master\x64\Release\MiniScopeControl.pch
C:\Users\shujia\Desktop\Miniscope_DAQ_Software-master\Miniscope_DAQ_Software-master\x64\Release\MiniScopeControl.pdb
C:\Users\shujia\Desktop\Miniscope_DAQ_Software-master\Miniscope_DAQ_Software-master\x64\Release\vc110.pdb
C:\Users\shujia\Desktop\Miniscope_DAQ_Software-master\Miniscope_DAQ_Software-master\x64\Release\MiniScopeControl.exe
